[ 2016-08-07T14:03:21+08:00 ] ::1 /yzm/Public/img/uploadify-cancel.png
INFO: [ app_init ] --START--
INFO: Run Behavior\BuildLiteBehavior [ RunTime:0.000020s ]
INFO: [ app_init ] --END-- [ RunTime:0.000508s ]
ERR: 无法加载模块:Public

[ 2016-08-07T14:05:48+08:00 ] ::1 /yzm/Public/bs/js/jquery.min.map
INFO: [ app_init ] --START--
INFO: Run Behavior\BuildLiteBehavior [ RunTime:0.000013s ]
INFO: [ app_init ] --END-- [ RunTime:0.000303s ]
ERR: 无法加载模块:Public

[ 2016-08-07T14:05:55+08:00 ] ::1 /yzm/Public/img/uploadify-cancel.png
INFO: [ app_init ] --START--
INFO: Run Behavior\BuildLiteBehavior [ RunTime:0.000013s ]
INFO: [ app_init ] --END-- [ RunTime:0.000315s ]
ERR: 无法加载模块:Public

[ 2016-08-07T14:06:40+08:00 ] ::1 /yzm/Public/bs/js/jquery.min.map
INFO: [ app_init ] --START--
INFO: Run Behavior\BuildLiteBehavior [ RunTime:0.000021s ]
INFO: [ app_init ] --END-- [ RunTime:0.000489s ]
ERR: 无法加载模块:Public

[ 2016-08-07T14:06:44+08:00 ] ::1 /yzm/Public/img/uploadify-cancel.png
INFO: [ app_init ] --START--
INFO: Run Behavior\BuildLiteBehavior [ RunTime:0.000013s ]
INFO: [ app_init ] --END-- [ RunTime:0.000306s ]
ERR: 无法加载模块:Public

[ 2016-08-07T14:06:47+08:00 ] ::1 /yzm/Uploads/%3C!DOCTYPE%20html%3E%3Chtml%20lang=%22en%22%3E%3Chead%3E%3Cmeta%20charset=%22UTF-8%22%3E%3Cmeta%20name=%22viewport%22%20content=%22width=device-width,%20initial-scale=1,%20maximum-scale=1,%20user-scalable=no%22%3E%3Ctitle%3E%E6%96%B0%E5%A2%9E%E5%B9%BB%E7%81%AF%E7%89%87%3C/title%3E%3Clink%20rel=%22stylesheet%22%20href=%22/yzm/Public/bs/css/bootstrap.min.css%22%3E%3Clink%20rel=%22stylesheet%22%20href=%22/yzm/Public/uploadify/uploadify.css%22%3E%3Cscript%20src=%22/yzm/Public/bs/js/jquery.min.js%22%3E%3C/script%3E%3Cscript%20src=%22/yzm/Public/bs/js/bootstrap.min.js%22%3E%3C/script%3E%3Cscript%20src=%22/yzm/Public/bs/js/holder.min.js%22%3E%3C/script%3E%3Cscript%20src=%22/yzm/Public/uploadify/jquery.uploadify.min.js%22%3E%3C/script%3E%3Cstyle%3E*%7Bfont-family:%20%E9%BB%91%E4%BD%93;%7Dbody%7Bpadding-top:%2070px;%7D%3C/style%3E%3C/title%3E%3C/head%3E%3Cbody%3E%3Cdiv%20class=%22container%22%3E%3C!--%20head%20--%3E%3C!--%20%E5%AF%BC%E8%88%AA%E6%9D%A1%20--%3E%3Cnav%20class=%22navbar%20navbar-inverse%20navbar-fixed-top%22%3E%3Cdiv%20class=%22container%22%3E%20%20%20%20%3Cdiv%20class=%22navbar-header%22%3E%20%20%20%20%3Cbutton%20type=%22button%22%20class=%22navbar-toggle%20collapsed%22%20data-toggle=%22collapse%22%20data-target=%22
INFO: [ app_init ] --START--
INFO: Run Behavior\BuildLiteBehavior [ RunTime:0.000015s ]
INFO: [ app_init ] --END-- [ RunTime:0.000396s ]
ERR: 无法加载模块:Uploads

[ 2016-08-07T14:13:13+08:00 ] ::1 /yzm/Public/img/uploadify-cancel.png
INFO: [ app_init ] --START--
INFO: Run Behavior\BuildLiteBehavior [ RunTime:0.000013s ]
INFO: [ app_init ] --END-- [ RunTime:0.000313s ]
ERR: 无法加载模块:Public

[ 2016-08-07T14:13:15+08:00 ] ::1 /yzm/Uploads/%3C!DOCTYPE%20html%3E%3Chtml%20lang=%22en%22%3E%3Chead%3E%3Cmeta%20charset=%22UTF-8%22%3E%3Cmeta%20name=%22viewport%22%20content=%22width=device-width,%20initial-scale=1,%20maximum-scale=1,%20user-scalable=no%22%3E%3Ctitle%3E%E6%96%B0%E5%A2%9E%E5%B9%BB%E7%81%AF%E7%89%87%3C/title%3E%3Clink%20rel=%22stylesheet%22%20href=%22/yzm/Public/bs/css/bootstrap.min.css%22%3E%3Clink%20rel=%22stylesheet%22%20href=%22/yzm/Public/uploadify/uploadify.css%22%3E%3Cscript%20src=%22/yzm/Public/bs/js/jquery.min.js%22%3E%3C/script%3E%3Cscript%20src=%22/yzm/Public/bs/js/bootstrap.min.js%22%3E%3C/script%3E%3Cscript%20src=%22/yzm/Public/bs/js/holder.min.js%22%3E%3C/script%3E%3Cscript%20src=%22/yzm/Public/uploadify/jquery.uploadify.min.js%22%3E%3C/script%3E%3Cstyle%3E*%7Bfont-family:%20%E9%BB%91%E4%BD%93;%7Dbody%7Bpadding-top:%2070px;%7D%3C/style%3E%3C/title%3E%3C/head%3E%3Cbody%3E%3Cdiv%20class=%22container%22%3E%3C!--%20head%20--%3E%3C!--%20%E5%AF%BC%E8%88%AA%E6%9D%A1%20--%3E%3Cnav%20class=%22navbar%20navbar-inverse%20navbar-fixed-top%22%3E%3Cdiv%20class=%22container%22%3E%20%20%20%20%3Cdiv%20class=%22navbar-header%22%3E%20%20%20%20%3Cbutton%20type=%22button%22%20class=%22navbar-toggle%20collapsed%22%20data-toggle=%22collapse%22%20data-target=%22
INFO: [ app_init ] --START--
INFO: Run Behavior\BuildLiteBehavior [ RunTime:0.000016s ]
INFO: [ app_init ] --END-- [ RunTime:0.000337s ]
ERR: 无法加载模块:Uploads

[ 2016-08-07T14:17:37+08:00 ] ::1 /yzm/Public/img/uploadify-cancel.png
INFO: [ app_init ] --START--
INFO: Run Behavior\BuildLiteBehavior [ RunTime:0.000013s ]
INFO: [ app_init ] --END-- [ RunTime:0.000342s ]
ERR: 无法加载模块:Public

[ 2016-08-07T14:17:38+08:00 ] ::1 /yzm/Uploads/%3C!DOCTYPE%20html%3E%3Chtml%20lang=%22en%22%3E%3Chead%3E%3Cmeta%20charset=%22UTF-8%22%3E%3Cmeta%20name=%22viewport%22%20content=%22width=device-width,%20initial-scale=1,%20maximum-scale=1,%20user-scalable=no%22%3E%3Ctitle%3E%E6%96%B0%E5%A2%9E%E5%B9%BB%E7%81%AF%E7%89%87%3C/title%3E%3Clink%20rel=%22stylesheet%22%20href=%22/yzm/Public/bs/css/bootstrap.min.css%22%3E%3Clink%20rel=%22stylesheet%22%20href=%22/yzm/Public/uploadify/uploadify.css%22%3E%3Cscript%20src=%22/yzm/Public/bs/js/jquery.min.js%22%3E%3C/script%3E%3Cscript%20src=%22/yzm/Public/bs/js/bootstrap.min.js%22%3E%3C/script%3E%3Cscript%20src=%22/yzm/Public/bs/js/holder.min.js%22%3E%3C/script%3E%3Cscript%20src=%22/yzm/Public/uploadify/jquery.uploadify.min.js%22%3E%3C/script%3E%3Cstyle%3E*%7Bfont-family:%20%E9%BB%91%E4%BD%93;%7Dbody%7Bpadding-top:%2070px;%7D%3C/style%3E%3C/title%3E%3C/head%3E%3Cbody%3E%3Cdiv%20class=%22container%22%3E%3C!--%20head%20--%3E%3C!--%20%E5%AF%BC%E8%88%AA%E6%9D%A1%20--%3E%3Cnav%20class=%22navbar%20navbar-inverse%20navbar-fixed-top%22%3E%3Cdiv%20class=%22container%22%3E%20%20%20%20%3Cdiv%20class=%22navbar-header%22%3E%20%20%20%20%3Cbutton%20type=%22button%22%20class=%22navbar-toggle%20collapsed%22%20data-toggle=%22collapse%22%20data-target=%22
INFO: [ app_init ] --START--
INFO: Run Behavior\BuildLiteBehavior [ RunTime:0.000013s ]
INFO: [ app_init ] --END-- [ RunTime:0.000406s ]
ERR: 无法加载模块:Uploads

[ 2016-08-07T14:25:02+08:00 ] ::1 /yzm/Public/img/uploadify-cancel.png
INFO: [ app_init ] --START--
INFO: Run Behavior\BuildLiteBehavior [ RunTime:0.000014s ]
INFO: [ app_init ] --END-- [ RunTime:0.000317s ]
ERR: 无法加载模块:Public

[ 2016-08-07T14:25:06+08:00 ] ::1 /yzm/Uploads/%3C!DOCTYPE%20html%3E%3Chtml%20lang=%22en%22%3E%3Chead%3E%3Cmeta%20charset=%22UTF-8%22%3E%3Cmeta%20name=%22viewport%22%20content=%22width=device-width,%20initial-scale=1,%20maximum-scale=1,%20user-scalable=no%22%3E%3Ctitle%3E%E6%96%B0%E5%A2%9E%E5%B9%BB%E7%81%AF%E7%89%87%3C/title%3E%3Clink%20rel=%22stylesheet%22%20href=%22/yzm/Public/bs/css/bootstrap.min.css%22%3E%3Clink%20rel=%22stylesheet%22%20href=%22/yzm/Public/uploadify/uploadify.css%22%3E%3Cscript%20src=%22/yzm/Public/bs/js/jquery.min.js%22%3E%3C/script%3E%3Cscript%20src=%22/yzm/Public/bs/js/bootstrap.min.js%22%3E%3C/script%3E%3Cscript%20src=%22/yzm/Public/bs/js/holder.min.js%22%3E%3C/script%3E%3Cscript%20src=%22/yzm/Public/uploadify/jquery.uploadify.min.js%22%3E%3C/script%3E%3Cstyle%3E*%7Bfont-family:%20%E9%BB%91%E4%BD%93;%7Dbody%7Bpadding-top:%2070px;%7D%3C/style%3E%3C/title%3E%3C/head%3E%3Cbody%3E%3Cdiv%20class=%22container%22%3E%3C!--%20head%20--%3E%3C!--%20%E5%AF%BC%E8%88%AA%E6%9D%A1%20--%3E%3Cnav%20class=%22navbar%20navbar-inverse%20navbar-fixed-top%22%3E%3Cdiv%20class=%22container%22%3E%20%20%20%20%3Cdiv%20class=%22navbar-header%22%3E%20%20%20%20%3Cbutton%20type=%22button%22%20class=%22navbar-toggle%20collapsed%22%20data-toggle=%22collapse%22%20data-target=%22
INFO: [ app_init ] --START--
INFO: Run Behavior\BuildLiteBehavior [ RunTime:0.000013s ]
INFO: [ app_init ] --END-- [ RunTime:0.000305s ]
ERR: 无法加载模块:Uploads

[ 2016-08-07T14:28:44+08:00 ] ::1 /yzm/Public/bs/js/jquery.min.map
INFO: [ app_init ] --START--
INFO: Run Behavior\BuildLiteBehavior [ RunTime:0.000022s ]
INFO: [ app_init ] --END-- [ RunTime:0.000427s ]
ERR: 无法加载模块:Public

[ 2016-08-07T14:29:19+08:00 ] ::1 /yzm/Public/img/uploadify-cancel.png
INFO: [ app_init ] --START--
INFO: Run Behavior\BuildLiteBehavior [ RunTime:0.000019s ]
INFO: [ app_init ] --END-- [ RunTime:0.000400s ]
ERR: 无法加载模块:Public

[ 2016-08-07T14:29:21+08:00 ] ::1 /yzm/Uploads/%3C!DOCTYPE%20html%3E%3Chtml%20lang=%22en%22%3E%3Chead%3E%3Cmeta%20charset=%22UTF-8%22%3E%3Cmeta%20name=%22viewport%22%20content=%22width=device-width,%20initial-scale=1,%20maximum-scale=1,%20user-scalable=no%22%3E%3Ctitle%3E%E6%96%B0%E5%A2%9E%E5%B9%BB%E7%81%AF%E7%89%87%3C/title%3E%3Clink%20rel=%22stylesheet%22%20href=%22/yzm/Public/bs/css/bootstrap.min.css%22%3E%3Clink%20rel=%22stylesheet%22%20href=%22/yzm/Public/uploadify/uploadify.css%22%3E%3Cscript%20src=%22/yzm/Public/bs/js/jquery.min.js%22%3E%3C/script%3E%3Cscript%20src=%22/yzm/Public/bs/js/bootstrap.min.js%22%3E%3C/script%3E%3Cscript%20src=%22/yzm/Public/bs/js/holder.min.js%22%3E%3C/script%3E%3Cscript%20src=%22/yzm/Public/uploadify/jquery.uploadify.min.js%22%3E%3C/script%3E%3Cstyle%3E*%7Bfont-family:%20%E9%BB%91%E4%BD%93;%7Dbody%7Bpadding-top:%2070px;%7D%3C/style%3E%3C/title%3E%3C/head%3E%3Cbody%3E%3Cdiv%20class=%22container%22%3E%3C!--%20head%20--%3E%3C!--%20%E5%AF%BC%E8%88%AA%E6%9D%A1%20--%3E%3Cnav%20class=%22navbar%20navbar-inverse%20navbar-fixed-top%22%3E%3Cdiv%20class=%22container%22%3E%20%20%20%20%3Cdiv%20class=%22navbar-header%22%3E%20%20%20%20%3Cbutton%20type=%22button%22%20class=%22navbar-toggle%20collapsed%22%20data-toggle=%22collapse%22%20data-target=%22
INFO: [ app_init ] --START--
INFO: Run Behavior\BuildLiteBehavior [ RunTime:0.000015s ]
INFO: [ app_init ] --END-- [ RunTime:0.000453s ]
ERR: 无法加载模块:Uploads

[ 2016-08-07T14:29:24+08:00 ] ::1 /yzm/Public/bs/js/jquery.min.map
INFO: [ app_init ] --START--
INFO: Run Behavior\BuildLiteBehavior [ RunTime:0.000037s ]
INFO: [ app_init ] --END-- [ RunTime:0.000521s ]
ERR: 无法加载模块:Public

[ 2016-08-07T14:31:25+08:00 ] ::1 /yzm/Public/bs/js/jquery.min.map
INFO: [ app_init ] --START--
INFO: Run Behavior\BuildLiteBehavior [ RunTime:0.000020s ]
INFO: [ app_init ] --END-- [ RunTime:0.000402s ]
ERR: 无法加载模块:Public

[ 2016-08-07T14:31:30+08:00 ] ::1 /yzm/Public/img/uploadify-cancel.png
INFO: [ app_init ] --START--
INFO: Run Behavior\BuildLiteBehavior [ RunTime:0.000024s ]
INFO: [ app_init ] --END-- [ RunTime:0.000327s ]
ERR: 无法加载模块:Public

[ 2016-08-07T14:31:32+08:00 ] ::1 /yzm/Uploads/%3C!DOCTYPE%20html%3E%3Chtml%20lang=%22en%22%3E%3Chead%3E%3Cmeta%20charset=%22UTF-8%22%3E%3Cmeta%20name=%22viewport%22%20content=%22width=device-width,%20initial-scale=1,%20maximum-scale=1,%20user-scalable=no%22%3E%3Ctitle%3E%E6%96%B0%E5%A2%9E%E5%B9%BB%E7%81%AF%E7%89%87%3C/title%3E%3Clink%20rel=%22stylesheet%22%20href=%22/yzm/Public/bs/css/bootstrap.min.css%22%3E%3Clink%20rel=%22stylesheet%22%20href=%22/yzm/Public/uploadify/uploadify.css%22%3E%3Cscript%20src=%22/yzm/Public/bs/js/jquery.min.js%22%3E%3C/script%3E%3Cscript%20src=%22/yzm/Public/bs/js/bootstrap.min.js%22%3E%3C/script%3E%3Cscript%20src=%22/yzm/Public/bs/js/holder.min.js%22%3E%3C/script%3E%3Cscript%20src=%22/yzm/Public/uploadify/jquery.uploadify.min.js%22%3E%3C/script%3E%3Cstyle%3E*%7Bfont-family:%20%E9%BB%91%E4%BD%93;%7Dbody%7Bpadding-top:%2070px;%7D%3C/style%3E%3C/title%3E%3C/head%3E%3Cbody%3E%3Cdiv%20class=%22container%22%3E%3C!--%20head%20--%3E%3C!--%20%E5%AF%BC%E8%88%AA%E6%9D%A1%20--%3E%3Cnav%20class=%22navbar%20navbar-inverse%20navbar-fixed-top%22%3E%3Cdiv%20class=%22container%22%3E%20%20%20%20%3Cdiv%20class=%22navbar-header%22%3E%20%20%20%20%3Cbutton%20type=%22button%22%20class=%22navbar-toggle%20collapsed%22%20data-toggle=%22collapse%22%20data-target=%22
INFO: [ app_init ] --START--
INFO: Run Behavior\BuildLiteBehavior [ RunTime:0.000013s ]
INFO: [ app_init ] --END-- [ RunTime:0.000358s ]
ERR: 无法加载模块:Uploads

[ 2016-08-07T14:31:41+08:00 ] ::1 /yzm/Public/bs/js/jquery.min.map
INFO: [ app_init ] --START--
INFO: Run Behavior\BuildLiteBehavior [ RunTime:0.000014s ]
INFO: [ app_init ] --END-- [ RunTime:0.000360s ]
ERR: 无法加载模块:Public

[ 2016-08-07T14:33:30+08:00 ] ::1 /yzm/Public/bs/js/jquery.min.map
INFO: [ app_init ] --START--
INFO: Run Behavior\BuildLiteBehavior [ RunTime:0.000014s ]
INFO: [ app_init ] --END-- [ RunTime:0.000387s ]
ERR: 无法加载模块:Public

[ 2016-08-07T14:33:38+08:00 ] ::1 /yzm/Public/bs/js/jquery.min.map
INFO: [ app_init ] --START--
INFO: Run Behavior\BuildLiteBehavior [ RunTime:0.000024s ]
INFO: [ app_init ] --END-- [ RunTime:0.000341s ]
ERR: 无法加载模块:Public

[ 2016-08-07T14:41:23+08:00 ] ::1 /yzm/Public/bs/js/jquery.min.map
INFO: [ app_init ] --START--
INFO: Run Behavior\BuildLiteBehavior [ RunTime:0.000020s ]
INFO: [ app_init ] --END-- [ RunTime:0.000399s ]
ERR: 无法加载模块:Public

[ 2016-08-07T14:41:27+08:00 ] ::1 /yzm/Public/img/uploadify-cancel.png
INFO: [ app_init ] --START--
INFO: Run Behavior\BuildLiteBehavior [ RunTime:0.000014s ]
INFO: [ app_init ] --END-- [ RunTime:0.000328s ]
ERR: 无法加载模块:Public

[ 2016-08-07T14:41:29+08:00 ] ::1 /yzm/Uploads/%3C!DOCTYPE%20html%3E%3Chtml%20lang=%22en%22%3E%3Chead%3E%3Cmeta%20charset=%22UTF-8%22%3E%3Cmeta%20name=%22viewport%22%20content=%22width=device-width,%20initial-scale=1,%20maximum-scale=1,%20user-scalable=no%22%3E%3Ctitle%3E%E6%96%B0%E5%A2%9E%E5%B9%BB%E7%81%AF%E7%89%87%3C/title%3E%3Clink%20rel=%22stylesheet%22%20href=%22/yzm/Public/bs/css/bootstrap.min.css%22%3E%3Clink%20rel=%22stylesheet%22%20href=%22/yzm/Public/uploadify/uploadify.css%22%3E%3Cscript%20src=%22/yzm/Public/bs/js/jquery.min.js%22%3E%3C/script%3E%3Cscript%20src=%22/yzm/Public/bs/js/bootstrap.min.js%22%3E%3C/script%3E%3Cscript%20src=%22/yzm/Public/bs/js/holder.min.js%22%3E%3C/script%3E%3Cscript%20src=%22/yzm/Public/uploadify/jquery.uploadify.min.js%22%3E%3C/script%3E%3Cstyle%3E*%7Bfont-family:%20%E9%BB%91%E4%BD%93;%7Dbody%7Bpadding-top:%2070px;%7D%3C/style%3E%3C/title%3E%3C/head%3E%3Cbody%3E%3Cdiv%20class=%22container%22%3E%3C!--%20head%20--%3E%3C!--%20%E5%AF%BC%E8%88%AA%E6%9D%A1%20--%3E%3Cnav%20class=%22navbar%20navbar-inverse%20navbar-fixed-top%22%3E%3Cdiv%20class=%22container%22%3E%20%20%20%20%3Cdiv%20class=%22navbar-header%22%3E%20%20%20%20%3Cbutton%20type=%22button%22%20class=%22navbar-toggle%20collapsed%22%20data-toggle=%22collapse%22%20data-target=%22
INFO: [ app_init ] --START--
INFO: Run Behavior\BuildLiteBehavior [ RunTime:0.000015s ]
INFO: [ app_init ] --END-- [ RunTime:0.000425s ]
ERR: 无法加载模块:Uploads

[ 2016-08-07T14:43:50+08:00 ] ::1 /yzm/Public/img/uploadify-cancel.png
INFO: [ app_init ] --START--
INFO: Run Behavior\BuildLiteBehavior [ RunTime:0.000013s ]
INFO: [ app_init ] --END-- [ RunTime:0.000314s ]
ERR: 无法加载模块:Public

[ 2016-08-07T14:43:54+08:00 ] ::1 /yzm/Uploads/%3C!DOCTYPE%20html%3E%3Chtml%20lang=%22en%22%3E%3Chead%3E%3Cmeta%20charset=%22UTF-8%22%3E%3Cmeta%20name=%22viewport%22%20content=%22width=device-width,%20initial-scale=1,%20maximum-scale=1,%20user-scalable=no%22%3E%3Ctitle%3E%E6%96%B0%E5%A2%9E%E5%B9%BB%E7%81%AF%E7%89%87%3C/title%3E%3Clink%20rel=%22stylesheet%22%20href=%22/yzm/Public/bs/css/bootstrap.min.css%22%3E%3Clink%20rel=%22stylesheet%22%20href=%22/yzm/Public/uploadify/uploadify.css%22%3E%3Cscript%20src=%22/yzm/Public/bs/js/jquery.min.js%22%3E%3C/script%3E%3Cscript%20src=%22/yzm/Public/bs/js/bootstrap.min.js%22%3E%3C/script%3E%3Cscript%20src=%22/yzm/Public/bs/js/holder.min.js%22%3E%3C/script%3E%3Cscript%20src=%22/yzm/Public/uploadify/jquery.uploadify.min.js%22%3E%3C/script%3E%3Cstyle%3E*%7Bfont-family:%20%E9%BB%91%E4%BD%93;%7Dbody%7Bpadding-top:%2070px;%7D%3C/style%3E%3C/title%3E%3C/head%3E%3Cbody%3E%3Cdiv%20class=%22container%22%3E%3C!--%20head%20--%3E%3C!--%20%E5%AF%BC%E8%88%AA%E6%9D%A1%20--%3E%3Cnav%20class=%22navbar%20navbar-inverse%20navbar-fixed-top%22%3E%3Cdiv%20class=%22container%22%3E%20%20%20%20%3Cdiv%20class=%22navbar-header%22%3E%20%20%20%20%3Cbutton%20type=%22button%22%20class=%22navbar-toggle%20collapsed%22%20data-toggle=%22collapse%22%20data-target=%22
INFO: [ app_init ] --START--
INFO: Run Behavior\BuildLiteBehavior [ RunTime:0.000016s ]
INFO: [ app_init ] --END-- [ RunTime:0.000350s ]
ERR: 无法加载模块:Uploads

[ 2016-08-07T14:51:20+08:00 ] ::1 /yzm/Public/img/uploadify-cancel.png
INFO: [ app_init ] --START--
INFO: Run Behavior\BuildLiteBehavior [ RunTime:0.000014s ]
INFO: [ app_init ] --END-- [ RunTime:0.000311s ]
ERR: 无法加载模块:Public

[ 2016-08-07T15:07:31+08:00 ] ::1 /yzm/Public/img/uploadify-cancel.png
INFO: [ app_init ] --START--
INFO: Run Behavior\BuildLiteBehavior [ RunTime:0.000013s ]
INFO: [ app_init ] --END-- [ RunTime:0.000338s ]
ERR: 无法加载模块:Public

[ 2016-08-07T15:46:37+08:00 ] ::1 /yzm/Public/img/uploadify-cancel.png
INFO: [ app_init ] --START--
INFO: Run Behavior\BuildLiteBehavior [ RunTime:0.000033s ]
INFO: [ app_init ] --END-- [ RunTime:0.000448s ]
ERR: 无法加载模块:Public

[ 2016-08-07T15:47:04+08:00 ] ::1 /yzm/Public/img/uploadify-cancel.png
INFO: [ app_init ] --START--
INFO: Run Behavior\BuildLiteBehavior [ RunTime:0.000019s ]
INFO: [ app_init ] --END-- [ RunTime:0.000466s ]
ERR: 无法加载模块:Public

[ 2016-08-07T17:10:32+08:00 ] ::1 /yzm/Public/img/uploadify-cancel.png
INFO: [ app_init ] --START--
INFO: Run Behavior\BuildLiteBehavior [ RunTime:0.000019s ]
INFO: [ app_init ] --END-- [ RunTime:0.000379s ]
ERR: 无法加载模块:Public

[ 2016-08-07T23:48:46+08:00 ] ::1 /yzm/Public/img/uploadify-cancel.png
INFO: [ app_init ] --START--
INFO: Run Behavior\BuildLiteBehavior [ RunTime:0.000015s ]
INFO: [ app_init ] --END-- [ RunTime:0.000349s ]
ERR: 无法加载模块:Public

